<?xml version="1.0" encoding="UTF-8"?>
<testng-results ignored="0" total="3" passed="3" failed="0" skipped="0">
  <reporter-output>
  </reporter-output>
  <suite started-at="2024-02-27T17:13:01 IST" name="Suite" finished-at="2024-02-27T17:15:27 IST" duration-ms="146357">
    <groups>
    </groups>
    <test started-at="2024-02-27T17:13:01 IST" name="Test" finished-at="2024-02-27T17:15:27 IST" duration-ms="146357">
      <class name="testsuite.DriverScript">
        <test-method is-config="true" signature="setUpClass()[pri:0, instance:testsuite.DriverScript@16eb3ea3]" started-at="2024-02-27T17:13:01 IST" name="setUpClass" finished-at="2024-02-27T17:13:01 IST" duration-ms="536" status="PASS">
          <reporter-output>
          </reporter-output>
        </test-method> <!-- setUpClass -->
        <test-method signature="feature(cucumber.api.testng.CucumberFeatureWrapper)[pri:0, instance:testsuite.DriverScript@16eb3ea3]" started-at="2024-02-27T17:13:02 IST" name="feature" data-provider="features" finished-at="2024-02-27T17:13:32 IST" duration-ms="30695" status="PASS">
          <params>
            <param index="0">
              <value>
                <![CDATA[Login and Logout functionality]]>
              </value>
            </param>
          </params>
          <reporter-output>
          </reporter-output>
        </test-method> <!-- feature -->
        <test-method signature="feature(cucumber.api.testng.CucumberFeatureWrapper)[pri:0, instance:testsuite.DriverScript@16eb3ea3]" started-at="2024-02-27T17:13:32 IST" name="feature" data-provider="features" finished-at="2024-02-27T17:14:27 IST" duration-ms="54787" status="PASS">
          <params>
            <param index="0">
              <value>
                <![CDATA[Login and Logout functionality]]>
              </value>
            </param>
          </params>
          <reporter-output>
          </reporter-output>
        </test-method> <!-- feature -->
        <test-method signature="feature(cucumber.api.testng.CucumberFeatureWrapper)[pri:0, instance:testsuite.DriverScript@16eb3ea3]" started-at="2024-02-27T17:14:27 IST" name="feature" data-provider="features" finished-at="2024-02-27T17:15:27 IST" duration-ms="59337" status="PASS">
          <params>
            <param index="0">
              <value>
                <![CDATA[Create User Scenarios]]>
              </value>
            </param>
          </params>
          <reporter-output>
          </reporter-output>
        </test-method> <!-- feature -->
        <test-method is-config="true" signature="tearDownClass()[pri:0, instance:testsuite.DriverScript@16eb3ea3]" started-at="2024-02-27T17:15:27 IST" name="tearDownClass" finished-at="2024-02-27T17:15:27 IST" duration-ms="518" status="PASS">
          <reporter-output>
          </reporter-output>
        </test-method> <!-- tearDownClass -->
        <test-method is-config="true" signature="writeExtentReport()[pri:0, instance:testsuite.DriverScript@16eb3ea3]" started-at="2024-02-27T17:15:27 IST" name="writeExtentReport" finished-at="2024-02-27T17:15:27 IST" duration-ms="62" status="PASS">
          <reporter-output>
          </reporter-output>
        </test-method> <!-- writeExtentReport -->
      </class> <!-- testsuite.DriverScript -->
    </test> <!-- Test -->
  </suite> <!-- Suite -->
</testng-results>
