<?xml version="1.0" encoding="UTF-8"?>
<!-- Generated by org.testng.reporters.JUnitXMLReporter -->
<testsuite ignored="0" hostname="DESKTOP-62AN9KN" failures="0" tests="3" name="Test" time="146.357" errors="0" timestamp="2024-02-27T17:15:27 IST">
  <testcase classname="testsuite.DriverScript" name="feature" time="30.695"/>
  <testcase classname="testsuite.DriverScript" name="feature" time="54.787"/>
  <testcase classname="testsuite.DriverScript" name="feature" time="59.337"/>
</testsuite> <!-- Test -->
